<?xml version='1.0'?>
<ns2:test-suite xmlns:ns2='urn:model.allure.qatools.yandex.ru' start='1668600633471' stop='1668600636253'>
    <name>Assertions Explicit Assertions</name>
    <title>Assertions Explicit Assertions</title>
    <test-cases>
        <test-case start='1668600633471' status='passed' stop='1668600633690'>
            <name>expect - make an assertion about a specified subject</name>
            <title>expect - make an assertion about a specified subject</title>
            <labels/>
            <parameters/>
            <steps/>
            <attachments/>
        </test-case>
        <test-case start='1668600633695' status='passed' stop='1668600633976'>
            <name>pass your own callback function to should()</name>
            <title>pass your own callback function to should()</title>
            <labels/>
            <parameters/>
            <steps/>
            <attachments/>
        </test-case>
        <test-case start='1668600633987' status='pending' stop='1668600633987'>
            <name>finds element by class name regex</name>
            <title>finds element by class name regex</title>
            <labels/>
            <parameters/>
            <steps/>
            <attachments/>
            <failure>
                <message>Test ignored</message>
                <stack-trace>undefined</stack-trace>
            </failure>
        </test-case>
        <test-case start='1668600633988' status='undefined'>
            <name>finds element by class name regex</name>
            <title>finds element by class name regex</title>
            <labels/>
            <parameters/>
            <steps/>
            <attachments/>
        </test-case>
        <test-case start='1668600633988' status='passed' stop='1668600634228'>
            <name>can throw any error</name>
            <title>can throw any error</title>
            <labels/>
            <parameters/>
            <steps/>
            <attachments/>
        </test-case>
        <test-case start='1668600634238' status='passed' stop='1668600634498'>
            <name>matches unknown text between two elements</name>
            <title>matches unknown text between two elements</title>
            <labels/>
            <parameters/>
            <steps/>
            <attachments/>
        </test-case>
        <test-case start='1668600634512' status='pending' stop='1668600634512'>
            <name>assert - assert shape of an object</name>
            <title>assert - assert shape of an object</title>
            <labels/>
            <parameters/>
            <steps/>
            <attachments/>
            <failure>
                <message>Test ignored</message>
                <stack-trace>undefined</stack-trace>
            </failure>
        </test-case>
        <test-case start='1668600634512' status='undefined'>
            <name>assert - assert shape of an object</name>
            <title>assert - assert shape of an object</title>
            <labels/>
            <parameters/>
            <steps/>
            <attachments/>
        </test-case>
        <test-case start='1668600634513' status='passed' stop='1668600636236'>
            <name>retries the should callback until assertions pass</name>
            <title>retries the should callback until assertions pass</title>
            <labels/>
            <parameters/>
            <steps/>
            <attachments/>
        </test-case>
    </test-cases>
</ns2:test-suite>