<?xml version='1.0'?>
<ns2:test-suite xmlns:ns2='urn:model.allure.qatools.yandex.ru' start='1668411628638' stop='1668411631319'>
    <name>Assertions Explicit Assertions</name>
    <title>Assertions Explicit Assertions</title>
    <test-cases>
        <test-case start='1668411628638' status='passed' stop='1668411628817'>
            <name>expect - make an assertion about a specified subject</name>
            <title>expect - make an assertion about a specified subject</title>
            <labels/>
            <parameters/>
            <steps/>
            <attachments/>
        </test-case>
        <test-case start='1668411628822' status='passed' stop='1668411629038'>
            <name>pass your own callback function to should()</name>
            <title>pass your own callback function to should()</title>
            <labels/>
            <parameters/>
            <steps/>
            <attachments/>
        </test-case>
        <test-case start='1668411629052' status='pending' stop='1668411629052'>
            <name>finds element by class name regex</name>
            <title>finds element by class name regex</title>
            <labels/>
            <parameters/>
            <steps/>
            <attachments/>
            <failure>
                <message>Test ignored</message>
                <stack-trace>undefined</stack-trace>
            </failure>
        </test-case>
        <test-case start='1668411629054' status='undefined'>
            <name>finds element by class name regex</name>
            <title>finds element by class name regex</title>
            <labels/>
            <parameters/>
            <steps/>
            <attachments/>
        </test-case>
        <test-case start='1668411629054' status='passed' stop='1668411629300'>
            <name>can throw any error</name>
            <title>can throw any error</title>
            <labels/>
            <parameters/>
            <steps/>
            <attachments/>
        </test-case>
        <test-case start='1668411629318' status='passed' stop='1668411629594'>
            <name>matches unknown text between two elements</name>
            <title>matches unknown text between two elements</title>
            <labels/>
            <parameters/>
            <steps/>
            <attachments/>
        </test-case>
        <test-case start='1668411629605' status='pending' stop='1668411629605'>
            <name>assert - assert shape of an object</name>
            <title>assert - assert shape of an object</title>
            <labels/>
            <parameters/>
            <steps/>
            <attachments/>
            <failure>
                <message>Test ignored</message>
                <stack-trace>undefined</stack-trace>
            </failure>
        </test-case>
        <test-case start='1668411629605' status='undefined'>
            <name>assert - assert shape of an object</name>
            <title>assert - assert shape of an object</title>
            <labels/>
            <parameters/>
            <steps/>
            <attachments/>
        </test-case>
        <test-case start='1668411629606' status='passed' stop='1668411631304'>
            <name>retries the should callback until assertions pass</name>
            <title>retries the should callback until assertions pass</title>
            <labels/>
            <parameters/>
            <steps/>
            <attachments/>
        </test-case>
    </test-cases>
</ns2:test-suite>